<?xml version="1.0" encoding="UTF-8"?>
<!-- Generated by org.testng.reporters.JUnitReportReporter -->
<testsuite skipped="0" hostname="LAPTOP-4546JIL5" name="apitest.RestAssured.Restapitest" tests="1" failures="0" timestamp="2021-02-20T12:14:43 IST" time="4.299" errors="0">
  <testcase name="delete" time="4.299" classname="apitest.RestAssured.Restapitest"/>
  <system-out/>
</testsuite> <!-- apitest.RestAssured.Restapitest -->
