<?xml version="1.0" encoding="UTF-8"?>
<!-- Generated by org.testng.reporters.JUnitReportReporter -->
<testsuite skipped="0" hostname="LAPTOP-4546JIL5" name="apitest.RestAssured.Reqres" tests="2" failures="0" timestamp="2021-02-22T12:27:23 IST" time="7.527" errors="0">
  <testcase name="loginUnsuccessful" time="1.209" classname="apitest.RestAssured.Reqres"/>
  <system-out/>
  <testcase name="delayedResponse" time="6.318" classname="apitest.RestAssured.Reqres"/>
  <system-out/>
</testsuite> <!-- apitest.RestAssured.Reqres -->
